[debug] [2018-01-20T20:19:53.005Z] ----------------------------------------------------------------------
[debug] [2018-01-20T20:19:53.008Z] Command:       /usr/local/bin/node /usr/local/bin/firebase init
[debug] [2018-01-20T20:19:53.008Z] CLI Version:   3.17.3
[debug] [2018-01-20T20:19:53.009Z] Platform:      linux
[debug] [2018-01-20T20:19:53.009Z] Node Version:  v8.6.0
[debug] [2018-01-20T20:19:53.009Z] Time:          Sat Jan 20 2018 22:19:53 GMT+0200 (EET)
[debug] [2018-01-20T20:19:53.009Z] ----------------------------------------------------------------------
[debug] 
[debug] [2018-01-20T20:19:53.024Z] > command requires scopes: ["email","openid","https://www.googleapis.com/auth/cloudplatformprojects.readonly","https://www.googleapis.com/auth/firebase"]
[debug] [2018-01-20T20:19:53.024Z] > authorizing via signed-in user
[info] 
     ######## #### ########  ######## ########     ###     ######  ########
     ##        ##  ##     ## ##       ##     ##  ##   ##  ##       ##
     ######    ##  ########  ######   ########  #########  ######  ######
     ##        ##  ##    ##  ##       ##     ## ##     ##       ## ##
     ##       #### ##     ## ######## ########  ##     ##  ######  ########

You're about to initialize a Firebase project in this directory:

  /home/naddyson/wordbook/wordbook-react/src

[warn] ⚠  You have not selected any features. Continuing will simply associate this folder with a Firebase project. Press Ctrl + C if you want to start over.
[info] 
=== Project Setup
[info] 
[info] First, let's associate this project directory with a Firebase project.
[info] You can create multiple project aliases by running firebase use --add, 
[info] but for now we'll just set up a default project.
[info] 
[debug] [2018-01-20T20:19:54.860Z] >>> HTTP REQUEST GET https://admin.firebase.com/v1/projects  
  
 Sat Jan 20 2018 22:19:54 GMT+0200 (EET)
